  Assembling P0_intro.asm...
  Assembling P10_fibonacci.asm...
  Assembling P11_N_primos.asm...
  Assembling P12_suma_n_mayor.asm...
  Assembling P13_tablas_multiplicar.asm...
  Assembling P14_calificaciones.asm...
  Assembling P15_valor_negativo.asm...
  Assembling P16_contador_numeros.asm...
  Assembling P17_N_par_inpar.asm...
  Assembling P18_promedio.asm...
  Assembling P19_bin_decimal.asm...
  Assembling P1_doble_triple.asm...
  Assembling P2_area_perimetro.asm...
  Assembling P3_salario.asm...
  Assembling P4_sumaDigitos.asm...
  Assembling P5_IMC.asm...
  Assembling P6_leer_n_numeros.asm...
  Assembling P7_matriz.asm...
  Assembling P8_determinar_velocidad.asm...
  Assembling P9_numeros_pares.asm...
P0_intro.obj : warning LNK4258: la directiva '/ENTRY:main@0' no es compatible con el modificador '/ENTRY:main19'; se ha omitido
P10_fibonacci.obj : warning LNK4258: la directiva '/ENTRY:main10@0' no es compatible con el modificador '/ENTRY:main19'; se ha omitido
P11_N_primos.obj : warning LNK4258: la directiva '/ENTRY:main11@0' no es compatible con el modificador '/ENTRY:main19'; se ha omitido
P12_suma_n_mayor.obj : warning LNK4258: la directiva '/ENTRY:main12@0' no es compatible con el modificador '/ENTRY:main19'; se ha omitido
P13_tablas_multiplicar.obj : warning LNK4258: la directiva '/ENTRY:main13@0' no es compatible con el modificador '/ENTRY:main19'; se ha omitido
P14_calificaciones.obj : warning LNK4258: la directiva '/ENTRY:main14@0' no es compatible con el modificador '/ENTRY:main19'; se ha omitido
P15_valor_negativo.obj : warning LNK4258: la directiva '/ENTRY:main15@0' no es compatible con el modificador '/ENTRY:main19'; se ha omitido
P16_contador_numeros.obj : warning LNK4258: la directiva '/ENTRY:main16@0' no es compatible con el modificador '/ENTRY:main19'; se ha omitido
P17_N_par_inpar.obj : warning LNK4258: la directiva '/ENTRY:main17@0' no es compatible con el modificador '/ENTRY:main19'; se ha omitido
P18_promedio.obj : warning LNK4258: la directiva '/ENTRY:main18@0' no es compatible con el modificador '/ENTRY:main19'; se ha omitido
P19_bin_decimal.obj : warning LNK4258: la directiva '/ENTRY:main19@0' no es compatible con el modificador '/ENTRY:main19'; se ha omitido
P1_doble_triple.obj : warning LNK4258: la directiva '/ENTRY:main1@0' no es compatible con el modificador '/ENTRY:main19'; se ha omitido
P2_area_perimetro.obj : warning LNK4258: la directiva '/ENTRY:main2@0' no es compatible con el modificador '/ENTRY:main19'; se ha omitido
P3_salario.obj : warning LNK4258: la directiva '/ENTRY:main3@0' no es compatible con el modificador '/ENTRY:main19'; se ha omitido
P4_sumaDigitos.obj : warning LNK4258: la directiva '/ENTRY:main4@0' no es compatible con el modificador '/ENTRY:main19'; se ha omitido
P5_IMC.obj : warning LNK4258: la directiva '/ENTRY:main5@0' no es compatible con el modificador '/ENTRY:main19'; se ha omitido
P6_leer_n_numeros.obj : warning LNK4258: la directiva '/ENTRY:main6@0' no es compatible con el modificador '/ENTRY:main19'; se ha omitido
P7_matriz.obj : warning LNK4258: la directiva '/ENTRY:main7@0' no es compatible con el modificador '/ENTRY:main19'; se ha omitido
P8_determinar_velocidad.obj : warning LNK4258: la directiva '/ENTRY:main8@0' no es compatible con el modificador '/ENTRY:main19'; se ha omitido
P9_numeros_pares.obj : warning LNK4258: la directiva '/ENTRY:main9@0' no es compatible con el modificador '/ENTRY:main19'; se ha omitido
  PM_Practicas_U3.vcxproj -> C:\Users\Gustavo\Downloads\ao1 Programacion de Microprocesadores\PM_Practicas_U3\Debug\PM_Practicas_U3.exe
